DENVER WSFO AP                 52220  3945 10452  5280     4    1.              
1950  3  -1.72 -99.00 -99.00 -99.00
1950  4  -0.01 -99.00 -99.00 -99.00
1950  5   0.35 -99.00 -99.00 -99.00
1950  6   1.31   0.72 -99.00 -99.00
1950  7   0.35   0.22 -99.00 -99.00
1950  8  -0.34  -0.07 -99.00 -99.00
1950  9  -1.11   0.39 -99.00 -99.00
1950 10  -0.97  -0.26 -99.00 -99.00
1950 11  -0.12  -0.39 -99.00 -99.00
1950 12  -0.93  -1.53  -0.33 -99.00
1951  1   0.27  -0.76  -0.23 -99.00
1951  2   0.35  -0.01  -0.08 -99.00
1951  3   0.68  -0.19   0.18 -99.00
1951  4   0.53   0.49  -0.03 -99.00
1951  5  -0.01   0.06  -0.32 -99.00
1951  6   0.19   0.39  -0.73 -99.00
1951  7  -0.44  -0.15  -0.58 -99.00
1951  8   1.07   0.72   0.60 -99.00
1951  9   0.83   0.62   0.41 -99.00
1951 10   1.81   0.85   0.89 -99.00
1951 11   0.99   1.24   0.90 -99.00
1951 12   1.25   1.24   0.99   0.48
1952  1  -0.04   1.65   0.79   0.41
1952  2  -0.37   0.60   0.76   0.50
1952  3   0.46   1.09   0.88   0.79
1952  4   1.30   0.99   1.03   0.76
1952  5   1.05   0.84   1.41   0.84
1952  6   0.13   0.24   1.06   0.27
1952  7  -0.77   0.09   1.02   0.34
1952  8  -1.27   0.02   0.25   0.56
1952  9  -0.71  -0.44   0.14   0.36
1952 10  -0.84  -1.10  -0.39   0.37
1952 11  -0.72  -1.39  -0.34   0.41
1952 12  -0.65  -1.04  -0.47   0.38
1953  1  -0.02  -0.82  -0.36   0.32
1953  2   0.39  -0.42  -0.16   0.43
1953  3   0.56  -0.13  -0.44   0.36
1953  4   0.24   0.11  -0.81   0.24
1953  5  -0.08   0.01  -1.02   0.41
1953  6  -0.10   0.09  -0.72   0.28
1953  7   0.11   0.14  -0.37   0.47
1953  8  -0.07  -0.22  -0.48  -0.18
1953  9  -0.47  -0.48  -0.50  -0.32
1953 10  -1.04  -0.49  -0.42  -0.67
1953 11  -1.13  -0.60  -0.49  -0.68
1953 12   0.11  -0.44  -0.25  -0.64
1954  1   0.38  -0.75  -0.29  -0.56
1954  2  -0.51  -1.23  -0.64  -0.69
1954  3  -2.15  -1.12  -0.85  -1.03
1954  4  -2.07  -1.23  -0.93  -1.41
1954  5  -2.03  -1.96  -1.74  -2.06
1954  6  -2.09  -2.80  -2.35  -2.01
1954  7  -1.35  -2.24  -2.13  -1.79
1954  8  -0.89  -2.15  -2.65  -2.08
1954  9  -0.56  -1.90  -2.12  -1.97
1954 10  -1.57  -1.91  -2.23  -1.95
1954 11  -1.43  -1.43  -2.32  -2.06
1954 12  -1.06  -1.08  -2.44  -1.99
1955  1  -0.50  -1.64  -2.40  -1.97
1955  2   0.18  -1.01  -2.03  -2.08
1955  3  -0.09  -0.85  -1.83  -2.06
1955  4  -0.86  -1.00  -1.91  -2.23
1955  5  -0.58  -0.50  -1.44  -2.37
1955  6  -0.62  -0.65  -1.38  -2.50
1955  7   0.42  -0.08  -0.92  -2.24
1955  8   0.80   0.14  -0.39  -2.01
1955  9   1.47   0.66   0.20  -1.34
1955 10   1.14   0.90   0.35  -1.25
1955 11   0.77   0.92   0.34  -1.31
1955 12  -1.02   0.97   0.21  -1.55
1956  1  -1.12   0.64   0.24  -1.46
1956  2  -0.47   0.36   0.22  -1.29
1956  3  -0.27  -0.96   0.15  -1.19
1956  4  -0.95  -1.38   0.22  -1.20
1956  5  -0.65  -0.79   0.20  -0.86
1956  6  -1.09  -1.13  -0.06  -0.95
1956  7   0.46  -0.07   0.27  -0.49
1956  8   0.66  -0.01   0.09  -0.23
1956  9   0.73  -0.24  -0.65  -0.38
1956 10  -0.86  -0.12  -0.75  -0.32
1956 11  -1.26   0.03  -0.53  -0.18
1956 12  -0.18   0.50  -0.39  -0.21
1957  1   0.32  -0.65  -0.40  -0.17
1957  2   0.03  -1.01  -0.40  -0.19
1957  3  -0.17  -0.34  -0.37  -0.20
1957  4   1.52   1.32   0.47   0.48
1957  5   2.42   2.28   1.62   1.35
1957  6   2.32   2.09   2.00   1.36
1957  7   1.40   1.88   1.18   1.03
1957  8  -0.21   1.78   1.30   0.97
1957  9  -0.30   1.64   1.28   0.53
1957 10   0.84   1.42   1.74   0.89
1957 11   0.50   0.02   1.54   0.84
1957 12   0.67   0.01   1.44   0.83
1958  1  -0.83   0.40   1.49   0.90
1958  2   0.18   0.40   1.51   0.93
1958  3   0.79   0.87   1.58   1.01
1958  4   0.50  -0.02   1.10   1.18
1958  5   0.96   0.89   0.55   1.58
1958  6   0.82   0.98   0.73   1.83
1958  7   1.32   1.33   1.19   1.68
1958  8   0.55   0.99   1.04   1.60
1958  9   0.79   1.04   1.21   1.84
1958 10  -0.20   0.85   0.68   1.82
1958 11  -0.19   0.30   0.71   1.67
1958 12  -0.57   0.41   0.85   1.70
1959  1   0.75   0.08   0.94   1.83
1959  2   1.59   0.67   0.99   1.92
1959  3   2.25   1.25   1.26   2.14
1959  4   1.28   1.32   1.17   1.72
1959  5   0.91   1.29   1.04   1.13
1959  6  -0.23   0.86   0.91   1.06
1959  7  -0.58   0.20   0.14   0.95
1959  8  -2.17  -0.47  -0.15   0.63
1959  9  -0.78  -0.78  -0.02   0.89
1959 10   0.59  -0.11   0.51   0.85
1959 11   1.21  -0.66   0.41   0.80
1959 12   0.64  -0.38   0.33   0.84
1960  1  -0.61   0.22   0.21   0.85
1960  2   1.14   1.43   0.29   0.96
1960  3   0.88   0.90  -0.20   0.84
1960  4   1.06   0.55   0.11   0.98
1960  5   0.20   0.52  -0.17   0.64
1960  6  -0.07   0.25  -0.14   0.51
1960  7  -0.78  -0.08   0.01   0.05
1960  8  -1.72  -0.97  -0.08  -0.19
1960  9  -1.64  -1.10  -0.44  -0.41
1960 10  -0.30  -0.81  -0.43   0.03
1960 11   0.36  -1.04  -0.39  -0.02
1960 12   1.51  -0.30  -0.06   0.13
1961  1   0.18  -0.28  -0.24  -0.07
1961  2   0.68   0.53  -0.49  -0.19
1961  3   0.81   1.50  -0.09  -0.27
1961  4   0.51   0.42  -0.45  -0.31
1961  5   0.97   1.04   0.01  -0.16
1961  6   0.29   0.53   0.14  -0.03
1961  7   0.41   0.53   0.21   0.10
1961  8  -0.46   0.36   0.52   0.29
1961  9   1.26   1.02   1.48   0.84
1961 10   1.47   1.11   1.09   0.51
1961 11   2.08   0.79   1.15   0.58
1961 12  -0.31   0.97   0.90   0.59
1962  1   0.69   1.56   1.14   0.70
1962  2   1.13   2.15   1.20   0.60
1962  3   0.54   0.05   0.78   0.51
1962  4  -0.68  -0.18   0.79   0.26
1962  5  -1.63  -0.86   0.05   0.00
1962  6  -1.13  -0.74   0.17   0.18
1962  7  -1.59  -1.73  -0.13   0.00
1962  8  -1.32  -2.23  -0.40   0.07
1962  9  -2.23  -2.30  -1.77   0.04
1962 10  -2.45  -2.46  -2.00  -0.44
1962 11  -2.14  -2.07  -2.03  -0.39
1962 12  -1.72  -2.87  -2.07  -0.69
1963  1  -0.43  -2.14  -2.27  -0.52
1963  2  -0.83  -2.11  -2.55  -0.60
1963  3   0.03  -1.10  -2.22  -0.83
1963  4  -1.73  -1.59  -2.59  -1.02
1963  5  -1.89  -1.99  -2.94  -1.86
1963  6  -0.64  -0.62  -2.38  -1.33
1963  7  -0.47  -1.28  -2.15  -1.60
1963  8   0.75  -0.57  -1.51  -1.33
1963  9   0.00  -0.56  -0.98  -2.14
1963 10   0.37  -0.18  -0.88  -2.20
1963 11  -0.74   0.27  -0.92  -2.24
1963 12  -1.16  -0.58  -0.81  -2.26
1964  1  -0.93  -0.10  -0.93  -2.47
1964  2   0.20  -0.54  -0.67  -2.45
1964  3   0.34  -0.57  -0.70  -2.20
1964  4   0.13  -0.38  -0.35  -2.13
1964  5  -0.05  -0.03   0.11  -1.81
1964  6  -0.49  -0.34  -0.77  -2.07
1964  7  -0.86  -0.71  -0.65  -2.03
1964  8  -1.89  -1.28  -1.52  -2.15
1964  9  -1.99  -1.62  -1.62  -2.04
1964 10  -2.19  -1.74  -1.64  -1.95
1964 11  -1.34  -2.18  -1.44  -1.83
1964 12  -0.91  -2.21  -1.47  -1.84
1965  1   0.41  -1.42  -1.20  -1.71
1965  2   1.12  -0.32  -1.10  -1.45
1965  3   0.99   0.07  -1.18  -1.49
1965  4   0.02   0.15  -1.20  -1.23
1965  5  -0.59  -0.13  -1.58  -1.04
1965  6   0.57   0.85  -0.61  -0.96
1965  7   2.17   1.95   0.97   0.25
1965  8   2.27   1.47   1.22  -0.05
1965  9   2.04   1.83   1.59   0.23
1965 10   0.38   1.80   1.61   0.26
1965 11   0.40   2.04   1.46   0.23
1965 12  -1.06   1.58   1.49   0.22
1966  1  -0.98  -0.11   1.33   0.25
1966  2   0.55   0.50   1.30   0.30
1966  3  -0.43  -1.10   1.12   0.09
1966  4  -0.34  -0.81   1.19   0.14
1966  5  -1.90  -1.35   0.98  -0.28
1966  6  -1.29  -1.37   0.36  -0.17
1966  7  -1.66  -1.59  -1.26  -0.13
1966  8  -0.16  -1.43  -1.03   0.23
1966  9  -0.04  -1.00  -1.36   0.38
1966 10   0.42  -0.86  -1.17   0.52
1966 11  -0.35  -0.35  -1.14   0.40
1966 12  -0.92  -0.53  -1.25   0.35
1967  1  -0.76   0.00  -1.06   0.34
1967  2  -0.34  -0.54  -1.30   0.18
1967  3  -0.30  -0.92  -1.18   0.09
1967  4   1.07   0.51  -0.45   0.62
1967  5   1.57   1.35   0.66   1.16
1967  6   2.55   2.29   1.60   1.32
1967  7   2.26   2.44   1.93   0.71
1967  8   1.46   2.08   1.77   0.68
1967  9   0.17   2.06   1.50   0.29
1967 10  -0.52   1.53   1.51   0.42
1967 11  -0.09   1.14   1.60   0.52
1967 12   0.70   0.40   1.78   0.62
1968  1   0.71  -0.19   1.68   0.67
1968  2   0.77   0.24   1.71   0.57
1968  3  -0.22   0.28   1.71   0.64
1968  4   0.34   0.56   1.41   0.81
1968  5  -0.66  -0.33   0.64   0.91
1968  6  -1.04  -1.06  -0.53   0.78
1968  7  -1.84  -1.25  -1.08   0.81
1968  8  -0.23  -0.74  -0.61   0.91
1968  9   0.06  -0.76  -0.53   0.80
1968 10   0.26  -1.08  -0.63   0.75
1968 11  -0.70  -0.56  -0.69   0.79
1968 12  -0.34  -0.20  -0.84   0.86
1969  1  -0.67  -0.12  -0.93   0.74
1969  2  -0.80  -1.04  -0.99   0.75
1969  3  -0.67  -0.77  -0.94   0.78
1969  4  -0.51  -0.81  -1.22   0.33
1969  5   1.26   0.96   0.22   0.59
1969  6   1.73   1.37   0.94   0.29
1969  7   1.77   1.37   0.97  -0.02
1969  8   0.33   1.08   0.56  -0.04
1969  9  -0.03   1.26   0.78   0.19
1969 10   1.47   2.03   1.52   0.77
1969 11   2.12   1.29   1.45   0.66
1969 12   1.88   0.94   1.42   0.53
1970  1  -1.23   0.97   1.38   0.47
1970  2  -2.37   1.21   1.27   0.34
1970  3  -0.99   0.96   1.31   0.41
1970  4  -1.00  -1.47   1.23   0.16
1970  5  -1.27  -1.88   0.05   0.16
1970  6  -0.08  -0.51   0.30   0.81
1970  7   0.13  -0.42   0.24   0.84
1970  8   0.51  -0.49   0.16   0.47
1970  9   0.17  -0.04   0.37   0.83
1970 10   0.27   0.17  -0.51   0.84
1970 11   1.13   0.88  -0.33   0.89
1970 12  -0.16  -0.02  -0.39   0.82
1971  1  -0.34   0.01  -0.31   0.86
1971  2  -0.61   0.64  -0.11   0.92
1971  3  -0.72  -0.66  -0.33   0.80
1971  4  -0.16  -0.36  -0.06   0.91
1971  5  -0.72  -0.90   0.11   0.08
1971  6  -1.07  -1.31  -1.06  -0.49
1971  7  -1.68  -1.48  -1.11  -0.64
1971  8  -1.50  -1.65  -1.12  -0.66
1971  9   0.27  -0.62  -0.85  -0.38
1971 10   0.40  -0.88  -0.97  -1.17
1971 11   0.44  -0.86  -1.26  -1.23
1971 12  -1.81  -0.50  -1.20  -1.29
1972  1  -1.76  -0.31  -1.18  -1.19
1972  2  -0.90  -0.09  -1.25  -1.08
1972  3  -1.20  -2.11  -1.29  -1.26
1972  4   0.66  -0.18  -0.79  -0.70
1972  5  -0.36  -0.65  -1.15  -0.76
1972  6   0.55   0.05  -0.40  -0.99
1972  7  -0.86  -0.39  -0.53  -1.25
1972  8   0.60   0.11  -0.02  -0.79
1972  9   0.48   0.63  -0.20  -0.85
1972 10   1.06   0.06  -0.09  -0.84
1972 11   1.15   0.96   0.29  -0.71
1972 12   0.70   0.67   0.41  -0.61
1973  1   1.66   1.59   0.62  -0.38
1973  2   0.62   1.14   0.55  -0.50
1973  3   0.81   0.90   0.80  -0.26
1973  4   1.36   1.84   0.85   0.08
1973  5   1.88   1.88   1.91   0.78
1973  6   1.28   1.40   1.53   0.81
1973  7   0.74   1.25   1.79   1.01
1973  8  -0.44   1.17   1.57   1.11
1973  9   0.95   1.48   1.60   1.10
1973 10   0.62   0.82   1.49   1.09
1973 11   0.90   0.08   1.27   1.16
1973 12   1.32   1.38   1.71   1.61
1974  1   2.36   1.59   1.62   1.71
1974  2   2.71   2.07   1.71   1.76
1974  3   0.76   1.32   1.62   1.85
1974  4   0.63   1.75   1.34   1.65
1974  5  -0.83   0.50   0.32   1.66
1974  6  -0.62  -0.24   0.86   1.57
1974  7  -0.68  -0.27   0.75   1.83
1974  8  -0.16  -0.80   0.48   1.42
1974  9  -0.44  -0.85  -0.03   1.21
1974 10  -0.35  -0.76   0.28   1.34
1974 11   0.62   0.12   0.33   1.18
1974 12   0.57  -0.16  -0.31   1.13
1975  1  -0.41  -0.59  -0.52   0.94
1975  2  -1.20  -0.02  -0.62   0.98
1975  3  -0.56   0.00  -0.68   0.86
1975  4  -0.65  -0.78  -0.97   0.41
1975  5  -0.06  -0.44  -0.26   0.00
1975  6   0.19  -0.11  -0.29   0.38
1975  7   0.73   0.30  -0.13   0.42
1975  8   0.83   0.49   0.37   0.56
1975  9   0.32   0.25   0.17   0.05
1975 10  -0.54   0.23  -0.20   0.02
1975 11  -0.36   0.48   0.02   0.21
1975 12   0.27   0.31   0.08  -0.26
1976  1   0.67  -0.22   0.06  -0.40
1976  2  -0.65  -0.69   0.11  -0.45
1976  3  -0.25  -0.06   0.13  -0.45
1976  4  -0.27   0.09   0.17  -0.63
1976  5  -0.66  -0.86  -0.21  -0.39
1976  6  -1.27  -1.26  -0.74  -0.71
1976  7  -0.75  -0.84  -0.81  -0.73
1976  8   0.26  -0.35  -0.73  -0.25
1976  9   0.98  -0.11  -0.16  -0.05
1976 10   0.94   0.04   0.01  -0.19
1976 11   0.21   0.24  -0.40  -0.34
1976 12  -0.97   0.48  -0.48  -0.38
1977  1  -2.07   0.22  -0.48  -0.37
1977  2  -1.89  -0.61  -0.53  -0.38
1977  3  -0.70  -1.23  -0.58  -0.37
1977  4   0.10  -0.78  -0.33  -0.17
1977  5  -0.80  -1.31  -0.66  -0.68
1977  6  -1.11  -1.34  -0.64  -0.95
1977  7  -0.71  -0.61  -0.38  -0.92
1977  8   0.07  -0.59  -0.93  -1.19
1977  9  -0.12  -0.95  -1.38  -1.19
1977 10  -1.32  -1.29  -1.51  -1.11
1977 11  -1.74  -0.67  -1.37  -1.36
1977 12  -1.40  -0.78  -1.40  -1.51
1978  1  -1.51  -1.95  -1.34  -1.44
1978  2  -1.94  -2.42  -1.30  -1.49
1978  3  -0.78  -1.55  -1.39  -1.53
1978  4  -0.26  -0.95  -1.44  -1.38
1978  5   0.46  -0.05  -0.60  -0.97
1978  6   0.35  -0.02  -0.65  -0.89
1978  7  -0.30  -0.47  -1.38  -1.31
1978  8  -1.75  -0.74  -1.80  -1.91
1978  9  -2.66  -1.05  -1.60  -2.33
1978 10  -1.14  -0.87  -1.24  -2.14
1978 11  -0.73  -1.74  -1.22  -2.02
1978 12   0.37  -1.66  -0.97  -1.92
1979  1  -0.30  -1.20  -0.93  -1.82
1979  2  -0.09  -0.70  -0.86  -1.76
1979  3  -0.31  -0.02  -0.84  -1.74
1979  4  -0.33  -0.48  -0.92  -1.88
1979  5   0.40   0.28  -1.00  -1.21
1979  6   0.70   0.46  -0.74  -0.95
1979  7   0.37   0.09  -0.58  -1.47
1979  8   1.55   1.36   0.97  -0.41
1979  9   1.10   1.17   0.96  -0.34
1979 10   1.77   1.29   0.90  -0.16
1979 11   0.34   1.38   1.13   0.05
1979 12   1.24   1.47   1.18   0.23
1980  1   1.40   2.11   1.22   0.32
1980  2   0.60   0.47   1.21   0.36
1980  3  -0.07   0.80   1.18   0.35
1980  4   0.45   1.03   1.39   0.49
1980  5   0.49   0.58   1.36   0.38
1980  6  -0.12  -0.21   0.95   0.18
1980  7  -0.04   0.12   1.36   0.62
1980  8  -0.08   0.20   0.35   0.89
1980  9   0.40   0.10   0.40   0.99
1980 10  -0.65  -0.44   0.10   0.73
1980 11  -1.44  -0.72  -0.16   0.73
1980 12  -1.79  -0.36  -0.40   0.60
1981  1  -1.21  -1.21  -0.49   0.60
1981  2  -1.52  -1.98  -0.50   0.59
1981  3   0.54  -0.70  -0.23   0.75
1981  4   0.10  -0.52  -0.61   0.69
1981  5   0.73   0.29  -0.38   0.76
1981  6  -0.10   0.08  -0.28   0.46
1981  7  -0.24  -0.24  -0.86   0.45
1981  8  -1.20  -0.24  -1.13  -0.52
1981  9  -1.11  -0.86  -1.07  -0.50
1981 10  -0.71  -0.63  -0.84  -0.58
1981 11  -1.23  -1.59  -0.88  -0.82
1981 12  -0.45  -1.27  -0.71  -0.94
1982  1  -0.65  -1.03  -0.69  -0.97
1982  2  -0.87  -1.49  -0.74  -1.04
1982  3  -2.55  -1.79  -1.39  -1.24
1982  4  -3.55  -2.77  -1.56  -1.71
1982  5  -0.63  -0.90  -1.84  -1.60
1982  6   0.20  -0.60  -1.47  -1.16
1982  7   0.34  -0.91  -1.32  -1.65
1982  8  -0.24  -0.73  -1.45  -1.83
1982  9  -0.45  -0.24  -0.94  -1.59
1982 10   0.36   0.37  -0.70  -1.22
1982 11   0.38  -0.07  -0.66  -1.22
1982 12   1.43   0.36  -0.20  -0.78
1983  1   1.06   0.70  -0.24  -0.77
1983  2   1.02   0.72  -0.23  -0.82
1983  3   1.88   2.10   0.77  -0.35
1983  4   1.92   1.98   1.13  -0.13
1983  5   1.80   1.91   1.28  -0.16
1983  6   1.07   1.67   1.55   0.24
1983  7   0.85   1.64   1.59   0.38
1983  8   0.46   1.60   1.77   0.45
1983  9  -0.49   0.46   1.35   0.41
1983 10  -0.92   0.18   1.08   0.33
1983 11   0.23   0.40   1.49   0.71
1983 12   1.01   0.06   1.15   0.71
1984  1   1.46  -0.02   1.13   0.70
1984  2  -0.04   0.08   1.26   0.82
1984  3  -0.13   0.58   0.54   0.97
1984  4   0.63   1.20   0.62   1.31
1984  5  -0.49  -0.50  -0.08   0.88
1984  6  -0.63  -0.68  -0.54   0.74
1984  7  -0.89  -0.42  -0.38   0.93
1984  8   0.71   0.12   0.07   1.33
1984  9   0.64  -0.05   0.18   1.15
1984 10   1.65   0.50   0.92   1.47
1984 11   0.93   0.94   0.35   1.37
1984 12   1.36   1.14   0.32   1.07
1985  1  -0.64   1.31   0.43   1.17
1985  2   0.10   0.74   0.37   1.25
1985  3  -0.37   0.76   0.24   0.56
1985  4   0.28  -0.13   0.30   0.66
1985  5  -0.30  -0.29   0.49   0.27
1985  6  -0.10  -0.30   0.60   0.04
1985  7   0.28   0.30   0.95   0.40
1985  8   0.27  -0.12   0.20   0.16
1985  9   0.84   0.45   0.67   0.59
1985 10  -0.01   0.13  -0.02   0.66
1985 11   0.99   0.62   0.22   0.37
1985 12   0.26   0.79   0.27   0.37
1986  1   0.20  -0.02   0.16   0.40
1986  2  -0.16   0.68   0.17   0.37
1986  3  -1.20  -0.58   0.09   0.22
1986  4   0.13   0.13   0.10   0.26
1986  5  -0.46  -0.52   0.10   0.39
1986  6  -0.31  -0.79  -0.02   0.37
1986  7  -0.86  -0.71  -0.60   0.26
1986  8  -0.81  -1.02  -0.59  -0.29
1986  9  -0.95  -0.94  -1.08  -0.28
1986 10  -0.39  -0.92  -0.75  -0.62
1986 11   0.34  -0.49  -0.76  -0.44
1986 12   0.68  -0.47  -0.85  -0.49
1987  1   0.19  -0.35  -0.70  -0.46
1987  2   0.66   0.50  -0.53  -0.33
1987  3   0.81   0.89  -0.31  -0.20
1987  4   0.06   0.07  -0.70  -0.50
1987  5   0.72   0.81   0.15   0.14
1987  6   1.34   1.45   0.85   0.55
1987  7   1.15   0.98   0.54  -0.06
1987  8   0.59   0.84   0.95   0.28
1987  9  -0.45   0.71   0.94  -0.04
1987 10   0.30   0.95   0.80   0.06
1987 11   0.52   0.65   0.89   0.13
1987 12   1.34   0.29   1.12   0.25
1988  1   1.36   0.80   1.03   0.30
1988  2   0.76   0.69   0.89   0.29
1988  3  -0.03   0.90   0.86   0.43
1988  4  -0.80   0.18   0.78   0.09
1988  5   0.40   0.55   0.77   0.64
1988  6   0.24   0.14   0.25   0.71
1988  7   0.74   0.25   0.60   0.78
1988  8   0.20   0.33   0.57   1.04
1988  9   0.27   0.27   0.59   1.11
1988 10  -0.37   0.32   0.29   0.78
1988 11  -1.39  -0.44   0.00   0.64
1988 12  -0.78  -0.17  -0.06   0.78
1989  1   0.78  -0.03   0.12   0.86
1989  2   1.28  -0.24   0.14   0.76
1989  3   0.05  -0.58  -0.06   0.61
1989  4  -1.11  -0.40   0.05   0.61
1989  5   0.05   0.46  -0.07   0.49
1989  6   0.52   0.42   0.14   0.23
1989  7   0.66   0.07  -0.02   0.37
1989  8   0.05  -0.03  -0.22   0.23
1989  9   0.07   0.33   0.01   0.40
1989 10   0.14   0.50   0.20   0.32
1989 11  -0.28  -0.15   0.12   0.03
1989 12  -0.55  -0.28   0.07  -0.08
1990  1  -0.25  -0.08  -0.03   0.01
1990  2   0.54  -0.02  -0.06   0.00
1990  3   1.63   0.76   0.52   0.33
1990  4   0.79   0.46   0.53   0.40
1990  5   0.15   0.27  -0.01  -0.11
1990  6  -1.62  -0.41  -0.61  -0.33
1990  7  -0.24   0.14   0.01  -0.07
1990  8   0.39   0.29   0.18  -0.05
1990  9   1.09  -0.18   0.17   0.07
1990 10   0.55   0.08   0.22   0.27
1990 11   0.66   0.55   0.48   0.40
1990 12   0.21   1.00   0.36   0.25
1991  1   0.44   0.59   0.36   0.20
1991  2  -0.80   0.14   0.25   0.09
1991  3  -0.79  -0.41  -0.34   0.12
1991  4  -0.58  -0.26  -0.09   0.30
1991  5  -0.06  -0.34   0.14   0.05
1991  6   0.40   0.02   0.72   0.08
1991  7   1.09   0.68   0.79   0.54
1991  8   1.83   1.33   1.27   1.01
1991  9   1.61   1.37   1.01   0.86
1991 10   0.89   1.22   0.92   0.83
1991 11   0.90   1.84   1.19   1.22
1991 12   0.95   1.80   1.18   1.13
1992  1   1.92   1.56   1.24   1.21
1992  2  -0.24   0.57   1.22   1.13
1992  3   1.88   1.78   1.73   1.17
1992  4   0.44   1.34   1.46   1.09
1992  5  -0.05  -0.17   1.33   1.07
1992  6  -0.99   0.13   1.47   1.44
1992  7  -0.20  -0.02   0.89   1.17
1992  8   0.72   0.40   0.58   1.27
1992  9   0.12  -0.69   0.35   0.99
1992 10  -0.33  -0.40   0.29   0.88
1992 11  -0.77   0.24  -0.01   0.87
1992 12   0.27   0.14   0.12   0.96
